  stdafx.cpp
  gmmreg_lw.cpp
  gmmreg_lw_ext.cpp
  dsmm.cpp
  dsmm_utils.cpp
  dllmain.cpp
  wormUtilities.cpp
c:\users\francesco\dev\pump-probe\dll\wormutilities\wormutilities\wormutilities.cpp(200): warning C4101: 'y': unreferenced local variable
c:\users\francesco\dev\pump-probe\dll\wormutilities\wormutilities\wormutilities.cpp(200): warning C4101: 'x': unreferenced local variable
  Generating Code...
c:\users\francesco\dev\gmmreg-lw\gmmreg_lw\gmmreg_utils_lw.h(228): warning C4715: 'gmmreg::GaussTransform<double>': not all control paths return a value
     Creating library C:\Users\francesco\dev\pump-probe\dll\wormUtilities\x64\Debug\wormUtilities.lib and object C:\Users\francesco\dev\pump-probe\dll\wormUtilities\x64\Debug\wormUtilities.exp
gmmreg_lw.obj : error LNK2001: unresolved external symbol "public: virtual double __cdecl vnl_unary_function<double,class vnl_vector<double> >::get_range_min(void)const " (?get_range_min@?$vnl_unary_function@NV?$vnl_vector@N@@@@UEBANXZ)
gmmreg_lw_ext.obj : error LNK2001: unresolved external symbol "public: virtual double __cdecl vnl_unary_function<double,class vnl_vector<double> >::get_range_min(void)const " (?get_range_min@?$vnl_unary_function@NV?$vnl_vector@N@@@@UEBANXZ)
gmmreg_lw.obj : error LNK2001: unresolved external symbol "public: virtual double __cdecl vnl_unary_function<double,class vnl_vector<double> >::get_range_max(void)const " (?get_range_max@?$vnl_unary_function@NV?$vnl_vector@N@@@@UEBANXZ)
gmmreg_lw_ext.obj : error LNK2001: unresolved external symbol "public: virtual double __cdecl vnl_unary_function<double,class vnl_vector<double> >::get_range_max(void)const " (?get_range_max@?$vnl_unary_function@NV?$vnl_vector@N@@@@UEBANXZ)
gmmreg_lw.obj : error LNK2001: unresolved external symbol "public: virtual double __cdecl vnl_cost_function::f(class vnl_vector<double> const &)" (?f@vnl_cost_function@@UEAANAEBV?$vnl_vector@N@@@Z)
gmmreg_lw_ext.obj : error LNK2001: unresolved external symbol "public: virtual double __cdecl vnl_cost_function::f(class vnl_vector<double> const &)" (?f@vnl_cost_function@@UEAANAEBV?$vnl_vector@N@@@Z)
gmmreg_lw.obj : error LNK2001: unresolved external symbol "public: virtual void __cdecl vnl_cost_function::gradf(class vnl_vector<double> const &,class vnl_vector<double> &)" (?gradf@vnl_cost_function@@UEAAXAEBV?$vnl_vector@N@@AEAV2@@Z)
gmmreg_lw_ext.obj : error LNK2001: unresolved external symbol "public: virtual void __cdecl vnl_cost_function::gradf(class vnl_vector<double> const &,class vnl_vector<double> &)" (?gradf@vnl_cost_function@@UEAAXAEBV?$vnl_vector@N@@AEAV2@@Z)
gmmreg_lw.obj : error LNK2001: unresolved external symbol "public: virtual void __cdecl vnl_cost_function::compute(class vnl_vector<double> const &,double *,class vnl_vector<double> *)" (?compute@vnl_cost_function@@UEAAXAEBV?$vnl_vector@N@@PEANPEAV2@@Z)
gmmreg_lw_ext.obj : error LNK2001: unresolved external symbol "public: virtual void __cdecl vnl_cost_function::compute(class vnl_vector<double> const &,double *,class vnl_vector<double> *)" (?compute@vnl_cost_function@@UEAAXAEBV?$vnl_vector@N@@PEANPEAV2@@Z)
gmmreg_lw.obj : error LNK2019: unresolved external symbol "public: __cdecl vnl_matrix<double>::vnl_matrix<double>(double const *,unsigned int,unsigned int)" (??0?$vnl_matrix@N@@QEAA@PEBNII@Z) referenced in function "public: __cdecl gmmreg_lw::pointset::pointset(int,int,int,double * const)" (??0pointset@gmmreg_lw@@QEAA@HHHQEAN@Z)
gmmreg_lw.obj : error LNK2019: unresolved external symbol "public: __cdecl vnl_matrix<double>::vnl_matrix<double>(class vnl_matrix<double> const &)" (??0?$vnl_matrix@N@@QEAA@AEBV0@@Z) referenced in function "public: void __cdecl gmmreg_lw::regTransformation::PrepareBasisKernel(class vnl_matrix<double> &,class vnl_matrix<double> &)" (?PrepareBasisKernel@regTransformation@gmmreg_lw@@QEAAXAEAV?$vnl_matrix@N@@0@Z)
gmmreg_lw.obj : error LNK2019: unresolved external symbol "public: __cdecl vnl_matrix<double>::vnl_matrix<double>(class vnl_matrix<double> const &,class vnl_matrix<double> const &,struct vnl_tag_sub)" (??0?$vnl_matrix@N@@QEAA@AEBV0@0Uvnl_tag_sub@@@Z) referenced in function "public: class vnl_matrix<double> __cdecl vnl_matrix<double>::operator-(class vnl_matrix<double> const &)const " (??G?$vnl_matrix@N@@QEBA?AV0@AEBV0@@Z)
gmmreg_lw.obj : error LNK2019: unresolved external symbol "public: __cdecl vnl_matrix<double>::vnl_matrix<double>(class vnl_matrix<double> const &,double,struct vnl_tag_mul)" (??0?$vnl_matrix@N@@QEAA@AEBV0@NUvnl_tag_mul@@@Z) referenced in function "class vnl_matrix<double> __cdecl operator*<double>(double const &,class vnl_matrix<double> const &)" (??$?DN@@YA?AV?$vnl_matrix@N@@AEBNAEBV0@@Z)
gmmreg_lw.obj : error LNK2019: unresolved external symbol "public: __cdecl vnl_matrix<double>::vnl_matrix<double>(class vnl_matrix<double> const &,double,struct vnl_tag_div)" (??0?$vnl_matrix@N@@QEAA@AEBV0@NUvnl_tag_div@@@Z) referenced in function "public: class vnl_matrix<double> __cdecl vnl_matrix<double>::operator/(double const &)const " (??K?$vnl_matrix@N@@QEBA?AV0@AEBN@Z)
gmmreg_lw.obj : error LNK2019: unresolved external symbol "public: __cdecl vnl_matrix<double>::vnl_matrix<double>(class vnl_matrix<double> const &,class vnl_matrix<double> const &,struct vnl_tag_mul)" (??0?$vnl_matrix@N@@QEAA@AEBV0@0Uvnl_tag_mul@@@Z) referenced in function "public: class vnl_matrix<double> __cdecl vnl_matrix<double>::operator*(class vnl_matrix<double> const &)const " (??D?$vnl_matrix@N@@QEBA?AV0@AEBV0@@Z)
gmmreg_lw.obj : error LNK2019: unresolved external symbol "public: __cdecl vnl_matrix<double>::~vnl_matrix<double>(void)" (??1?$vnl_matrix@N@@QEAA@XZ) referenced in function "void __cdecl gmmreg::Normalize<double>(class vnl_matrix<double> &,class vnl_vector<double> &,double &)" (??$Normalize@N@gmmreg@@YAXAEAV?$vnl_matrix@N@@AEAV?$vnl_vector@N@@AEAN@Z)
gmmreg_lw_ext.obj : error LNK2001: unresolved external symbol "public: __cdecl vnl_matrix<double>::~vnl_matrix<double>(void)" (??1?$vnl_matrix@N@@QEAA@XZ)
gmmreg_lw.obj : error LNK2019: unresolved external symbol "public: class vnl_matrix<double> & __cdecl vnl_matrix<double>::fill(double const &)" (?fill@?$vnl_matrix@N@@QEAAAEAV1@AEBN@Z) referenced in function "void __cdecl gmmreg::ComputeTPSKernel(class vnl_matrix<double> const &,class vnl_matrix<double> const &,class vnl_matrix<double> &,class vnl_matrix<double> &)" (?ComputeTPSKernel@gmmreg@@YAXAEBV?$vnl_matrix@N@@0AEAV2@1@Z)
gmmreg_lw.obj : error LNK2019: unresolved external symbol "public: class vnl_matrix<double> & __cdecl vnl_matrix<double>::operator=(class vnl_matrix<double> const &)" (??4?$vnl_matrix@N@@QEAAAEAV0@AEBV0@@Z) referenced in function "void __cdecl gmmreg::Normalize<double>(class vnl_matrix<double> &,class vnl_vector<double> &,double &)" (??$Normalize@N@gmmreg@@YAXAEAV?$vnl_matrix@N@@AEAV?$vnl_vector@N@@AEAN@Z)
gmmreg_lw.obj : error LNK2019: unresolved external symbol "public: class vnl_matrix<double> & __cdecl vnl_matrix<double>::operator+=(class vnl_matrix<double> const &)" (??Y?$vnl_matrix@N@@QEAAAEAV0@AEBV0@@Z) referenced in function "public: virtual void __cdecl gmmreg_lw::regTransformationCostFunction::compute(class vnl_vector<double> const &,double *,class vnl_vector<double> *)" (?compute@regTransformationCostFunction@gmmreg_lw@@UEAAXAEBV?$vnl_vector@N@@PEANPEAV3@@Z)
gmmreg_lw.obj : error LNK2019: unresolved external symbol "public: class vnl_matrix<double> __cdecl vnl_matrix<double>::transpose(void)const " (?transpose@?$vnl_matrix@N@@QEBA?AV1@XZ) referenced in function "public: double __cdecl gmmreg_lw::regTransformation::BendingEnergy(void)" (?BendingEnergy@regTransformation@gmmreg_lw@@QEAANXZ)
gmmreg_lw.obj : error LNK2019: unresolved external symbol "public: class vnl_matrix<double> & __cdecl vnl_matrix<double>::update(class vnl_matrix<double> const &,unsigned int,unsigned int)" (?update@?$vnl_matrix@N@@QEAAAEAV1@AEBV1@II@Z) referenced in function "public: __cdecl gmmreg_lw::pointset::pointset(int,int,int,double * const)" (??0pointset@gmmreg_lw@@QEAA@HHHQEAN@Z)
gmmreg_lw.obj : error LNK2019: unresolved external symbol "public: class vnl_matrix<double> & __cdecl vnl_matrix<double>::set_column(unsigned int,double)" (?set_column@?$vnl_matrix@N@@QEAAAEAV1@IN@Z) referenced in function "public: void __cdecl gmmreg_lw::regTransformation::PrepareBasisKernel(class vnl_matrix<double> &,class vnl_matrix<double> &)" (?PrepareBasisKernel@regTransformation@gmmreg_lw@@QEAAXAEAV?$vnl_matrix@N@@0@Z)
gmmreg_lw.obj : error LNK2019: unresolved external symbol "public: class vnl_matrix<double> & __cdecl vnl_matrix<double>::set_row(unsigned int,class vnl_vector<double> const &)" (?set_row@?$vnl_matrix@N@@QEAAAEAV1@IAEBV?$vnl_vector@N@@@Z) referenced in function "void __cdecl gmmreg::Denormalize<double>(class vnl_matrix<double> &,class vnl_vector<double> const &,double)" (??$Denormalize@N@gmmreg@@YAXAEAV?$vnl_matrix@N@@AEBV?$vnl_vector@N@@N@Z)
gmmreg_lw.obj : error LNK2019: unresolved external symbol "public: class vnl_matrix<double> __cdecl vnl_matrix<double>::extract(unsigned int,unsigned int,unsigned int,unsigned int)const " (?extract@?$vnl_matrix@N@@QEBA?AV1@IIII@Z) referenced in function "public: void __cdecl gmmreg_lw::regTransformation::PrepareBasisKernel(class vnl_matrix<double> &,class vnl_matrix<double> &)" (?PrepareBasisKernel@regTransformation@gmmreg_lw@@QEAAXAEAV?$vnl_matrix@N@@0@Z)
gmmreg_lw.obj : error LNK2019: unresolved external symbol "public: class vnl_vector<double> __cdecl vnl_matrix<double>::get_row(unsigned int)const " (?get_row@?$vnl_matrix@N@@QEBA?AV?$vnl_vector@N@@I@Z) referenced in function "void __cdecl gmmreg::Denormalize<double>(class vnl_matrix<double> &,class vnl_vector<double> const &,double)" (??$Denormalize@N@gmmreg@@YAXAEAV?$vnl_matrix@N@@AEBV?$vnl_vector@N@@N@Z)
gmmreg_lw.obj : error LNK2019: unresolved external symbol "public: class vnl_vector<double> __cdecl vnl_matrix<double>::get_column(unsigned int)const " (?get_column@?$vnl_matrix@N@@QEBA?AV?$vnl_vector@N@@I@Z) referenced in function "void __cdecl gmmreg::Normalize<double>(class vnl_matrix<double> &,class vnl_vector<double> &,double &)" (??$Normalize@N@gmmreg@@YAXAEAV?$vnl_matrix@N@@AEAV?$vnl_vector@N@@AEAN@Z)
gmmreg_lw.obj : error LNK2019: unresolved external symbol "public: class vnl_matrix<double> & __cdecl vnl_matrix<double>::set_identity(void)" (?set_identity@?$vnl_matrix@N@@QEAAAEAV1@XZ) referenced in function "public: void __cdecl gmmreg_lw::regTransformation::SetDefaultParam(void)" (?SetDefaultParam@regTransformation@gmmreg_lw@@QEAAXXZ)
gmmreg_lw.obj : error LNK2019: unresolved external symbol "public: static double __cdecl vnl_c_vector<double>::sum(double const *,unsigned int)" (?sum@?$vnl_c_vector@N@@SANPEBNI@Z) referenced in function "public: static double __cdecl vnl_c_vector<double>::mean(double const *,unsigned int)" (?mean@?$vnl_c_vector@N@@SANPEBNI@Z)
gmmreg_lw.obj : error LNK2019: unresolved external symbol "public: bool __cdecl vnl_matrix<double>::set_size(unsigned int,unsigned int)" (?set_size@?$vnl_matrix@N@@QEAA_NII@Z) referenced in function "public: __cdecl gmmreg_lw::pointset::pointset(int,int,int,double * const)" (??0pointset@gmmreg_lw@@QEAA@HHHQEAN@Z)
gmmreg_lw.obj : error LNK2019: unresolved external symbol "public: __cdecl vnl_vector<double>::vnl_vector<double>(class vnl_vector<double> const &,class vnl_vector<double> const &,struct vnl_tag_add)" (??0?$vnl_vector@N@@QEAA@AEBV0@0Uvnl_tag_add@@@Z) referenced in function "public: class vnl_vector<double> __cdecl vnl_vector<double>::operator+(class vnl_vector<double> const &)const " (??H?$vnl_vector@N@@QEBA?AV0@AEBV0@@Z)
gmmreg_lw.obj : error LNK2019: unresolved external symbol "public: __cdecl vnl_vector<double>::vnl_vector<double>(class vnl_vector<double> const &,class vnl_vector<double> const &,struct vnl_tag_sub)" (??0?$vnl_vector@N@@QEAA@AEBV0@0Uvnl_tag_sub@@@Z) referenced in function "public: class vnl_vector<double> __cdecl vnl_vector<double>::operator-(class vnl_vector<double> const &)const " (??G?$vnl_vector@N@@QEBA?AV0@AEBV0@@Z)
gmmreg_lw.obj : error LNK2019: unresolved external symbol "public: __cdecl vnl_vector<double>::vnl_vector<double>(class vnl_vector<double> const &,double,struct vnl_tag_mul)" (??0?$vnl_vector@N@@QEAA@AEBV0@NUvnl_tag_mul@@@Z) referenced in function "public: class vnl_vector<double> __cdecl vnl_vector<double>::operator*(double)const " (??D?$vnl_vector@N@@QEBA?AV0@N@Z)
gmmreg_lw.obj : error LNK2019: unresolved external symbol "public: __cdecl vnl_vector<double>::~vnl_vector<double>(void)" (??1?$vnl_vector@N@@QEAA@XZ) referenced in function "void __cdecl gmmreg::Denormalize<double>(class vnl_matrix<double> &,class vnl_vector<double> const &,double)" (??$Denormalize@N@gmmreg@@YAXAEAV?$vnl_matrix@N@@AEBV?$vnl_vector@N@@N@Z)
gmmreg_lw_ext.obj : error LNK2001: unresolved external symbol "public: __cdecl vnl_vector<double>::~vnl_vector<double>(void)" (??1?$vnl_vector@N@@QEAA@XZ)
gmmreg_lw.obj : error LNK2019: unresolved external symbol "public: class vnl_vector<double> & __cdecl vnl_vector<double>::operator=(class vnl_vector<double> const &)" (??4?$vnl_vector@N@@QEAAAEAV0@AEBV0@@Z) referenced in function "void __cdecl gmmreg::Normalize<double>(class vnl_matrix<double> &,class vnl_vector<double> &,double &)" (??$Normalize@N@gmmreg@@YAXAEAV?$vnl_matrix@N@@AEAV?$vnl_vector@N@@AEAN@Z)
gmmreg_lw.obj : error LNK2019: unresolved external symbol "public: bool __cdecl vnl_vector<double>::set_size(unsigned __int64)" (?set_size@?$vnl_vector@N@@QEAA_N_K@Z) referenced in function "void __cdecl gmmreg::Normalize<double>(class vnl_matrix<double> &,class vnl_vector<double> &,double &)" (??$Normalize@N@gmmreg@@YAXAEAV?$vnl_matrix@N@@AEAV?$vnl_vector@N@@AEAN@Z)
gmmreg_lw_ext.obj : error LNK2001: unresolved external symbol "public: bool __cdecl vnl_vector<double>::set_size(unsigned __int64)" (?set_size@?$vnl_vector@N@@QEAA_N_K@Z)
gmmreg_lw.obj : error LNK2019: unresolved external symbol "public: __cdecl vnl_qr<double>::vnl_qr<double>(class vnl_matrix<double> const &)" (??0?$vnl_qr@N@@QEAA@AEBV?$vnl_matrix@N@@@Z) referenced in function "public: void __cdecl gmmreg_lw::regTransformation::PrepareBasisKernel(class vnl_matrix<double> &,class vnl_matrix<double> &)" (?PrepareBasisKernel@regTransformation@gmmreg_lw@@QEAAXAEAV?$vnl_matrix@N@@0@Z)
gmmreg_lw.obj : error LNK2019: unresolved external symbol "public: __cdecl vnl_qr<double>::~vnl_qr<double>(void)" (??1?$vnl_qr@N@@QEAA@XZ) referenced in function "public: void __cdecl gmmreg_lw::regTransformation::PrepareBasisKernel(class vnl_matrix<double> &,class vnl_matrix<double> &)" (?PrepareBasisKernel@regTransformation@gmmreg_lw@@QEAAXAEAV?$vnl_matrix@N@@0@Z)
gmmreg_lw.obj : error LNK2019: unresolved external symbol "public: class vnl_matrix<double> const & __cdecl vnl_qr<double>::Q(void)const " (?Q@?$vnl_qr@N@@QEBAAEBV?$vnl_matrix@N@@XZ) referenced in function "public: void __cdecl gmmreg_lw::regTransformation::PrepareBasisKernel(class vnl_matrix<double> &,class vnl_matrix<double> &)" (?PrepareBasisKernel@regTransformation@gmmreg_lw@@QEAAXAEAV?$vnl_matrix@N@@0@Z)
gmmreg_lw.obj : error LNK2019: unresolved external symbol "void __cdecl vnl_c_vector_two_norm_squared<double,double>(double const *,unsigned int,double *)" (??$vnl_c_vector_two_norm_squared@NN@@YAXPEBNIPEAN@Z) referenced in function "public: static double __cdecl vnl_c_vector<double>::two_nrm2(double const *,unsigned int)" (?two_nrm2@?$vnl_c_vector@N@@SANPEBNI@Z)
gmmreg_lw.obj : error LNK2019: unresolved external symbol "void __cdecl vnl_c_vector_two_norm<double,double>(double const *,unsigned int,double *)" (??$vnl_c_vector_two_norm@NN@@YAXPEBNIPEAN@Z) referenced in function "public: static double __cdecl vnl_c_vector<double>::two_norm(double const *,unsigned int)" (?two_norm@?$vnl_c_vector@N@@SANPEBNI@Z)
gmmreg_lw_ext.obj : error LNK2019: unresolved external symbol "public: virtual __cdecl vnl_nonlinear_minimizer::~vnl_nonlinear_minimizer(void)" (??1vnl_nonlinear_minimizer@@UEAA@XZ) referenced in function "public: virtual __cdecl vnl_lbfgs::~vnl_lbfgs(void)" (??1vnl_lbfgs@@UEAA@XZ)
gmmreg_lw_ext.obj : error LNK2019: unresolved external symbol "public: __cdecl vnl_lbfgs::vnl_lbfgs(class vnl_cost_function &)" (??0vnl_lbfgs@@QEAA@AEAVvnl_cost_function@@@Z) referenced in function "void __cdecl gmmreg_lw::registration(int,double * const,double * const,int,double * const,int,double * const,int,double * const,int,double * const,int,double * const,double * const,double * const)" (?registration@gmmreg_lw@@YAXHQEAN0H0H0H0H0H000@Z)
gmmreg_lw_ext.obj : error LNK2019: unresolved external symbol "public: bool __cdecl vnl_lbfgs::minimize(class vnl_vector<double> &)" (?minimize@vnl_lbfgs@@QEAA_NAEAV?$vnl_vector@N@@@Z) referenced in function "void __cdecl gmmreg_lw::registration(int,double * const,double * const,int,double * const,int,double * const,int,double * const,int,double * const,int,double * const,double * const,double * const)" (?registration@gmmreg_lw@@YAXHQEAN0H0H0H0H0H000@Z)
C:\Users\francesco\dev\pump-probe\dll\wormUtilities\x64\Debug\wormUtilities.dll : fatal error LNK1120: 39 unresolved externals
